# JRE version: Java(TM) SE Runtime Environment (21.0+35) (build 21+35-LTS-2513)
# Java VM: Java HotSpot(TM) 64-Bit Server VM (21+35-LTS-2513, mixed mode, sharing, tiered, compressed oops, compressed class ptrs, g1 gc, windows-amd64)
GC Precious Log:
 CardTable entry size: 512
 Card Set container configuration: InlinePtr #cards 4 size 8 Array Of Cards #cards 16 size 48 Howl #buckets 8 coarsen threshold 3686 Howl Bitmap #cards 512 size 80 coarsen threshold 460 Card regions per heap region 1 cards per card region 4096
 CPUs: 4 total, 4 available
 Memory: 12030M
 Large Page Support: Disabled
 NUMA Support: Disabled
 Compressed Oops: Enabled (Zero based)
 Heap Region Size: 2M
 Heap Min Capacity: 8M
 Heap Initial Capacity: 188M
 Heap Max Capacity: 3008M
 Pre-touch: Disabled
 Parallel Workers: 4
 Concurrent Workers: 1
 Concurrent Refinement Workers: 4
 Periodic GC: Disabled
Heap:
 garbage-first heap   total 67584K, used 43295K [0x0000000744000000, 0x0000000800000000)
  region size 2048K, 7 young (14336K), 1 survivors (2048K)
 Metaspace       used 75658K, committed 76416K, reserved 1179648K
  class space    used 10330K, committed 10688K, reserved 1048576K
GC Heap History (20 events):
Event: 9.579 GC heap before
{Heap before GC invocations=17 (full 0):
 garbage-first heap   total 55296K, used 44801K [0x0000000744000000, 0x0000000800000000)
  region size 2048K, 10 young (20480K), 2 survivors (4096K)
 Metaspace       used 64840K, committed 65536K, reserved 1114112K
  class space    used 8863K, committed 9152K, reserved 1048576K
}
Event: 9.587 GC heap after
{Heap after GC invocations=18 (full 0):
 garbage-first heap   total 55296K, used 29079K [0x0000000744000000, 0x0000000800000000)
  region size 2048K, 2 young (4096K), 2 survivors (4096K)
 Metaspace       used 64840K, committed 65536K, reserved 1114112K
  class space    used 8863K, committed 9152K, reserved 1048576K
}
Event: 10.125 GC heap before
{Heap before GC invocations=18 (full 0):
 garbage-first heap   total 55296K, used 45463K [0x0000000744000000, 0x0000000800000000)
  region size 2048K, 10 young (20480K), 2 survivors (4096K)
 Metaspace       used 67155K, committed 67840K, reserved 1114112K
  class space    used 9175K, committed 9472K, reserved 1048576K
}
Event: 10.131 GC heap after
{Heap after GC invocations=19 (full 0):
 garbage-first heap   total 67584K, used 31151K [0x0000000744000000, 0x0000000800000000)
  region size 2048K, 2 young (4096K), 2 survivors (4096K)
 Metaspace       used 67155K, committed 67840K, reserved 1114112K
  class space    used 9175K, committed 9472K, reserved 1048576K
}
Event: 55.261 GC heap before
{Heap before GC invocations=20 (full 0):
 garbage-first heap   total 67584K, used 55727K [0x0000000744000000, 0x0000000800000000)
  region size 2048K, 14 young (28672K), 2 survivors (4096K)
 Metaspace       used 71412K, committed 72128K, reserved 1114112K
  class space    used 9770K, committed 10112K, reserved 1048576K
}
Event: 55.267 GC heap after
{Heap after GC invocations=21 (full 0):
 garbage-first heap   total 67584K, used 33359K [0x0000000744000000, 0x0000000800000000)
  region size 2048K, 2 young (4096K), 2 survivors (4096K)
 Metaspace       used 71412K, committed 72128K, reserved 1114112K
  class space    used 9770K, committed 10112K, reserved 1048576K
}
Event: 193.125 GC heap before
{Heap before GC invocations=21 (full 0):
 garbage-first heap   total 67584K, used 53839K [0x0000000744000000, 0x0000000800000000)
  region size 2048K, 13 young (26624K), 2 survivors (4096K)
 Metaspace       used 75512K, committed 76288K, reserved 1179648K
  class space    used 10322K, committed 10688K, reserved 1048576K
}
Event: 193.145 GC heap after
{Heap after GC invocations=22 (full 0):
 garbage-first heap   total 67584K, used 33542K [0x0000000744000000, 0x0000000800000000)
  region size 2048K, 2 young (4096K), 2 survivors (4096K)
 Metaspace       used 75512K, committed 76288K, reserved 1179648K
  class space    used 10322K, committed 10688K, reserved 1048576K
}
Event: 541.681 GC heap before
{Heap before GC invocations=22 (full 0):
 garbage-first heap   total 67584K, used 56070K [0x0000000744000000, 0x0000000800000000)
  region size 2048K, 13 young (26624K), 2 survivors (4096K)
 Metaspace       used 75573K, committed 76352K, reserved 1179648K
  class space    used 10322K, committed 10688K, reserved 1048576K
}
Event: 541.685 GC heap after
{Heap after GC invocations=23 (full 0):
 garbage-first heap   total 67584K, used 33669K [0x0000000744000000, 0x0000000800000000)
  region size 2048K, 1 young (2048K), 1 survivors (2048K)
 Metaspace       used 75573K, committed 76352K, reserved 1179648K
  class space    used 10322K, committed 10688K, reserved 1048576K
}
Event: 924.550 GC heap before
{Heap before GC invocations=24 (full 0):
 garbage-first heap   total 67584K, used 58245K [0x0000000744000000, 0x0000000800000000)
  region size 2048K, 13 young (26624K), 1 survivors (2048K)
 Metaspace       used 75567K, committed 76352K, reserved 1179648K
  class space    used 10321K, committed 10688K, reserved 1048576K
}
Event: 924.552 GC heap after
{Heap after GC invocations=25 (full 0):
 garbage-first heap   total 67584K, used 33579K [0x0000000744000000, 0x0000000800000000)
  region size 2048K, 1 young (2048K), 1 survivors (2048K)
 Metaspace       used 75567K, committed 76352K, reserved 1179648K
  class space    used 10321K, committed 10688K, reserved 1048576K
}
Event: 1306.910 GC heap before
{Heap before GC invocations=25 (full 0):
 garbage-first heap   total 67584K, used 58155K [0x0000000744000000, 0x0000000800000000)
  region size 2048K, 13 young (26624K), 1 survivors (2048K)
 Metaspace       used 75571K, committed 76352K, reserved 1179648K
  class space    used 10321K, committed 10688K, reserved 1048576K
}
Event: 1306.925 GC heap after
{Heap after GC invocations=26 (full 0):
 garbage-first heap   total 67584K, used 33099K [0x0000000744000000, 0x0000000800000000)
  region size 2048K, 1 young (2048K), 1 survivors (2048K)
 Metaspace       used 75571K, committed 76352K, reserved 1179648K
  class space    used 10321K, committed 10688K, reserved 1048576K
}
Event: 1689.313 GC heap before
{Heap before GC invocations=26 (full 0):
 garbage-first heap   total 67584K, used 57675K [0x0000000744000000, 0x0000000800000000)
  region size 2048K, 13 young (26624K), 1 survivors (2048K)
 Metaspace       used 75573K, committed 76352K, reserved 1179648K
  class space    used 10321K, committed 10688K, reserved 1048576K
}
Event: 1689.334 GC heap after
{Heap after GC invocations=27 (full 0):
 garbage-first heap   total 67584K, used 33155K [0x0000000744000000, 0x0000000800000000)
  region size 2048K, 1 young (2048K), 1 survivors (2048K)
 Metaspace       used 75573K, committed 76352K, reserved 1179648K
  class space    used 10321K, committed 10688K, reserved 1048576K
}
Event: 2056.709 GC heap before
{Heap before GC invocations=28 (full 0):
 garbage-first heap   total 67584K, used 57731K [0x0000000744000000, 0x0000000800000000)
  region size 2048K, 13 young (26624K), 1 survivors (2048K)
 Metaspace       used 75628K, committed 76416K, reserved 1179648K
  class space    used 10330K, committed 10688K, reserved 1048576K
}
Event: 2056.739 GC heap after
{Heap after GC invocations=29 (full 0):
 garbage-first heap   total 67584K, used 33392K [0x0000000744000000, 0x0000000800000000)
  region size 2048K, 1 young (2048K), 1 survivors (2048K)
 Metaspace       used 75628K, committed 76416K, reserved 1179648K
  class space    used 10330K, committed 10688K, reserved 1048576K
}
Event: 2436.444 GC heap before
{Heap before GC invocations=29 (full 0):
 garbage-first heap   total 67584K, used 57968K [0x0000000744000000, 0x0000000800000000)
  region size 2048K, 13 young (26624K), 1 survivors (2048K)
 Metaspace       used 75628K, committed 76416K, reserved 1179648K
  class space    used 10330K, committed 10688K, reserved 1048576K
}
Event: 2436.464 GC heap after
{Heap after GC invocations=30 (full 0):
 garbage-first heap   total 67584K, used 33055K [0x0000000744000000, 0x0000000800000000)
  region size 2048K, 1 young (2048K), 1 survivors (2048K)
 Metaspace       used 75628K, committed 76416K, reserved 1179648K
  class space    used 10330K, committed 10688K, reserved 1048576K
}

